{"uuid":"512b17ae-17f2-4865-b464-9bbe161fe486","historyId":"ab37b30446a90e892f74ed64afab1112","fullName":"src/test/resources/features/rest_api_master.feature:8","labels":[{"name":"host","value":"DESKTOP-NUFAQTR"},{"name":"thread","value":"9772@DESKTOP-NUFAQTR.TestNG-PoolService-3(37)"},{"name":"feature","value":"Complete REST API automation with basic and advanced examples"},{"name":"story","value":"POST request - Create a new post"},{"name":"suite","value":"Complete REST API automation with basic and advanced examples"},{"name":"testClass","value":"POST request - Create a new post"},{"name":"framework","value":"cucumber4jvm"},{"name":"language","value":"java"},{"name":"gherkin_uri","value":"file:///C:/DDrive/Study%20-Home%20Learning/JavaSelenium/TestNGCucumberParallelMultiBrowserExtentReport/src/test/resources/features/rest_api_master.feature"},{"name":"package","value":"src.test.resources.features.rest_api_master_feature.Complete REST API automation with basic and advanced examples"}],"links":[],"name":"POST request - Create a new post","status":"failed","statusDetails":{"known":false,"muted":false,"flaky":false,"message":"Status code mismatch! expected [201] but found [200]","trace":"java.lang.AssertionError: Status code mismatch! expected [201] but found [200]\r\n\tat org.testng.Assert.fail(Assert.java:111)\r\n\tat org.testng.Assert.failNotEquals(Assert.java:1578)\r\n\tat org.testng.Assert.assertEqualsImpl(Assert.java:150)\r\n\tat org.testng.Assert.assertEquals(Assert.java:132)\r\n\tat org.testng.Assert.assertEquals(Assert.java:1419)\r\n\tat org.testng.Assert.assertEquals(Assert.java:1383)\r\n\tat stepdefinitions.RestApiStepDefinitions.validateStatusCode(RestApiStepDefinitions.java:67)\r\n\tat ✽.the response status code should be 201(file:///C:/DDrive/Study%20-Home%20Learning/JavaSelenium/TestNGCucumberParallelMultiBrowserExtentReport/src/test/resources/features/rest_api_master.feature:11)\r\n"},"stage":"finished","steps":[{"name":"Given  I set request body for POST with title \"My Post\", body \"Learning API\", and userId \"101\"","status":"passed","statusDetails":{"known":false,"muted":false,"flaky":false},"stage":"finished","steps":[],"attachments":[],"parameters":[],"start":1752400404476,"stop":1752400404479},{"name":"When  I send a POST request to \"/posts\"","status":"passed","statusDetails":{"known":false,"muted":false,"flaky":false},"stage":"finished","steps":[],"attachments":[],"parameters":[],"start":1752400404482,"stop":1752400432320},{"name":"Then  the response status code should be 201","status":"failed","statusDetails":{"known":false,"muted":false,"flaky":false,"message":"Status code mismatch! expected [201] but found [200]","trace":"java.lang.AssertionError: Status code mismatch! expected [201] but found [200]\r\n\tat org.testng.Assert.fail(Assert.java:111)\r\n\tat org.testng.Assert.failNotEquals(Assert.java:1578)\r\n\tat org.testng.Assert.assertEqualsImpl(Assert.java:150)\r\n\tat org.testng.Assert.assertEquals(Assert.java:132)\r\n\tat org.testng.Assert.assertEquals(Assert.java:1419)\r\n\tat org.testng.Assert.assertEquals(Assert.java:1383)\r\n\tat stepdefinitions.RestApiStepDefinitions.validateStatusCode(RestApiStepDefinitions.java:67)\r\n\tat ✽.the response status code should be 201(file:///C:/DDrive/Study%20-Home%20Learning/JavaSelenium/TestNGCucumberParallelMultiBrowserExtentReport/src/test/resources/features/rest_api_master.feature:11)\r\n"},"stage":"finished","steps":[],"attachments":[],"parameters":[],"start":1752400432320,"stop":1752400440553},{"name":"And  the response field \"title\" should be \"My Post\"","status":"skipped","statusDetails":{"known":false,"muted":false,"flaky":false},"stage":"finished","steps":[],"attachments":[],"parameters":[],"start":1752400440571,"stop":1752400440572}],"attachments":[],"parameters":[],"start":1752400348368,"stop":1752400480251}