<?xml version="1.0" encoding="UTF-8"?>
<!-- Generated by org.testng.reporters.JUnitReportReporter -->
<testsuite hostname="DESKTOP-NUFAQTR" failures="13" tests="18" name="runners.TestNGCucumberRunner" time="424.939" errors="0" timestamp="2025-07-13T18:10:27 IST" skipped="0">
  <testcase classname="runners.TestNGCucumberRunner" name="runScenario" time="23.136">
    <failure message="Status code mismatch! expected [200] but found [201]" type="java.lang.AssertionError">
      <![CDATA[java.lang.AssertionError: Status code mismatch! expected [200] but found [201]
at org.testng.Assert.fail(Assert.java:111)
at org.testng.Assert.failNotEquals(Assert.java:1578)
at org.testng.Assert.assertEqualsImpl(Assert.java:150)
at org.testng.Assert.assertEquals(Assert.java:132)
at org.testng.Assert.assertEquals(Assert.java:1419)
at org.testng.Assert.assertEquals(Assert.java:1383)
at stepdefinitions.RestApiStepDefinitions.validateStatusCode(RestApiStepDefinitions.java:67)
at ✽.the response status code should be 200(file:///C:/DDrive/Study%20-Home%20Learning/JavaSelenium/TestNGCucumberParallelMultiBrowserExtentReport/src/test/resources/features/RESTAPISCENARIOS.feature:25)
]]>
    </failure>
  </testcase> <!-- runScenario -->
  <testcase classname="runners.TestNGCucumberRunner" name="runScenario" time="22.354">
    <failure message="Status code mismatch! expected [200] but found [201]" type="java.lang.AssertionError">
      <![CDATA[java.lang.AssertionError: Status code mismatch! expected [200] but found [201]
at org.testng.Assert.fail(Assert.java:111)
at org.testng.Assert.failNotEquals(Assert.java:1578)
at org.testng.Assert.assertEqualsImpl(Assert.java:150)
at org.testng.Assert.assertEquals(Assert.java:132)
at org.testng.Assert.assertEquals(Assert.java:1419)
at org.testng.Assert.assertEquals(Assert.java:1383)
at stepdefinitions.RestApiStepDefinitions.validateStatusCode(RestApiStepDefinitions.java:67)
at ✽.the response status code should be 200(file:///C:/DDrive/Study%20-Home%20Learning/JavaSelenium/TestNGCucumberParallelMultiBrowserExtentReport/src/test/resources/features/RESTAPISCENARIOS.feature:20)
]]>
    </failure>
  </testcase> <!-- runScenario -->
  <testcase classname="runners.TestNGCucumberRunner" name="runScenario" time="23.160">
    <failure message="Field value mismatch for title expected [My Post] but found [Updated Post]" type="java.lang.AssertionError">
      <![CDATA[java.lang.AssertionError: Field value mismatch for title expected [My Post] but found [Updated Post]
at org.testng.Assert.fail(Assert.java:111)
at org.testng.Assert.failNotEquals(Assert.java:1578)
at org.testng.Assert.assertEqualsImpl(Assert.java:150)
at org.testng.Assert.assertEquals(Assert.java:132)
at org.testng.Assert.assertEquals(Assert.java:656)
at stepdefinitions.RestApiStepDefinitions.validateResponseField(RestApiStepDefinitions.java:73)
at ✽.the response field "title" should be "My Post"(file:///C:/DDrive/Study%20-Home%20Learning/JavaSelenium/TestNGCucumberParallelMultiBrowserExtentReport/src/test/resources/features/RESTAPISCENARIOS.feature:15)
]]>
    </failure>
  </testcase> <!-- runScenario -->
  <testcase classname="runners.TestNGCucumberRunner" name="runScenario" time="22.704">
    <failure message="Array path returned null: address.city expected object to not be null" type="java.lang.AssertionError">
      <![CDATA[java.lang.AssertionError: Array path returned null: address.city expected object to not be null
at org.testng.Assert.fail(Assert.java:111)
at org.testng.Assert.assertNotNull(Assert.java:1484)
at stepdefinitions.RestApiStepDefinitions.validateArrayFieldContains(RestApiStepDefinitions.java:99)
at ✽.the array field "address.city" should contain "Gwenborough" and "Wisokyburgh"(file:///C:/DDrive/Study%20-Home%20Learning/JavaSelenium/TestNGCucumberParallelMultiBrowserExtentReport/src/test/resources/features/RESTAPISCENARIOS.feature:29)
]]>
    </failure>
  </testcase> <!-- runScenario -->
  <testcase classname="runners.TestNGCucumberRunner" name="runScenario" time="32.335"/>
  <testcase classname="runners.TestNGCucumberRunner" name="runScenario" time="22.705">
    <failure message="Field value mismatch for address.city expected [Gwenborough] but found [null]" type="java.lang.AssertionError">
      <![CDATA[java.lang.AssertionError: Field value mismatch for address.city expected [Gwenborough] but found [null]
at org.testng.Assert.fail(Assert.java:111)
at org.testng.Assert.failNotEquals(Assert.java:1578)
at org.testng.Assert.assertEqualsImpl(Assert.java:150)
at org.testng.Assert.assertEquals(Assert.java:132)
at org.testng.Assert.assertEquals(Assert.java:656)
at stepdefinitions.RestApiStepDefinitions.validateResponseField(RestApiStepDefinitions.java:73)
at ✽.the response field "address.city" should be "Gwenborough"(file:///C:/DDrive/Study%20-Home%20Learning/JavaSelenium/TestNGCucumberParallelMultiBrowserExtentReport/src/test/resources/features/RESTAPISCENARIOS.feature:9)
]]>
    </failure>
  </testcase> <!-- runScenario -->
  <testcase classname="runners.TestNGCucumberRunner" name="runScenario" time="21.986">
    <failure message="Status code mismatch! expected [200] but found [201]" type="java.lang.AssertionError">
      <![CDATA[java.lang.AssertionError: Status code mismatch! expected [200] but found [201]
at org.testng.Assert.fail(Assert.java:111)
at org.testng.Assert.failNotEquals(Assert.java:1578)
at org.testng.Assert.assertEqualsImpl(Assert.java:150)
at org.testng.Assert.assertEquals(Assert.java:132)
at org.testng.Assert.assertEquals(Assert.java:1419)
at org.testng.Assert.assertEquals(Assert.java:1383)
at stepdefinitions.RestApiStepDefinitions.validateStatusCode(RestApiStepDefinitions.java:67)
at ✽.the response status code should be 200(file:///C:/DDrive/Study%20-Home%20Learning/JavaSelenium/TestNGCucumberParallelMultiBrowserExtentReport/src/test/resources/features/RESTAPISCENARIOS.feature:8)
]]>
    </failure>
  </testcase> <!-- runScenario -->
  <testcase classname="runners.TestNGCucumberRunner" name="runScenario" time="22.100">
    <failure message="Field value mismatch for title expected [My Post] but found [Updated Post]" type="java.lang.AssertionError">
      <![CDATA[java.lang.AssertionError: Field value mismatch for title expected [My Post] but found [Updated Post]
at org.testng.Assert.fail(Assert.java:111)
at org.testng.Assert.failNotEquals(Assert.java:1578)
at org.testng.Assert.assertEqualsImpl(Assert.java:150)
at org.testng.Assert.assertEquals(Assert.java:132)
at org.testng.Assert.assertEquals(Assert.java:656)
at stepdefinitions.RestApiStepDefinitions.validateResponseField(RestApiStepDefinitions.java:73)
at ✽.the response field "title" should be "My Post"(file:///C:/DDrive/Study%20-Home%20Learning/JavaSelenium/TestNGCucumberParallelMultiBrowserExtentReport/src/test/resources/features/RESTAPISCENARIOS.feature:15)
]]>
    </failure>
  </testcase> <!-- runScenario -->
  <testcase classname="runners.TestNGCucumberRunner" name="runScenario" time="22.228">
    <failure message="Array path returned null: address.city expected object to not be null" type="java.lang.AssertionError">
      <![CDATA[java.lang.AssertionError: Array path returned null: address.city expected object to not be null
at org.testng.Assert.fail(Assert.java:111)
at org.testng.Assert.assertNotNull(Assert.java:1484)
at stepdefinitions.RestApiStepDefinitions.validateArrayFieldContains(RestApiStepDefinitions.java:99)
at ✽.the array field "address.city" should contain "Gwenborough" and "Wisokyburgh"(file:///C:/DDrive/Study%20-Home%20Learning/JavaSelenium/TestNGCucumberParallelMultiBrowserExtentReport/src/test/resources/features/RESTAPISCENARIOS.feature:29)
]]>
    </failure>
  </testcase> <!-- runScenario -->
  <testcase classname="runners.TestNGCucumberRunner" name="runScenario" time="18.554"/>
  <testcase classname="runners.TestNGCucumberRunner" name="runScenario" time="18.329">
    <failure message="Status code mismatch! expected [200] but found [201]" type="java.lang.AssertionError">
      <![CDATA[java.lang.AssertionError: Status code mismatch! expected [200] but found [201]
at org.testng.Assert.fail(Assert.java:111)
at org.testng.Assert.failNotEquals(Assert.java:1578)
at org.testng.Assert.assertEqualsImpl(Assert.java:150)
at org.testng.Assert.assertEquals(Assert.java:132)
at org.testng.Assert.assertEquals(Assert.java:1419)
at org.testng.Assert.assertEquals(Assert.java:1383)
at stepdefinitions.RestApiStepDefinitions.validateStatusCode(RestApiStepDefinitions.java:67)
at ✽.the response status code should be 200(file:///C:/DDrive/Study%20-Home%20Learning/JavaSelenium/TestNGCucumberParallelMultiBrowserExtentReport/src/test/resources/features/RESTAPISCENARIOS.feature:20)
]]>
    </failure>
  </testcase> <!-- runScenario -->
  <testcase classname="runners.TestNGCucumberRunner" name="runScenario" time="29.125"/>
  <testcase classname="runners.TestNGCucumberRunner" name="runScenario" time="23.155">
    <failure message="Status code mismatch! expected [200] but found [201]" type="java.lang.AssertionError">
      <![CDATA[java.lang.AssertionError: Status code mismatch! expected [200] but found [201]
at org.testng.Assert.fail(Assert.java:111)
at org.testng.Assert.failNotEquals(Assert.java:1578)
at org.testng.Assert.assertEqualsImpl(Assert.java:150)
at org.testng.Assert.assertEquals(Assert.java:132)
at org.testng.Assert.assertEquals(Assert.java:1419)
at org.testng.Assert.assertEquals(Assert.java:1383)
at stepdefinitions.RestApiStepDefinitions.validateStatusCode(RestApiStepDefinitions.java:67)
at ✽.the response status code should be 200(file:///C:/DDrive/Study%20-Home%20Learning/JavaSelenium/TestNGCucumberParallelMultiBrowserExtentReport/src/test/resources/features/RESTAPISCENARIOS.feature:20)
]]>
    </failure>
  </testcase> <!-- runScenario -->
  <testcase classname="runners.TestNGCucumberRunner" name="runScenario" time="18.529">
    <failure message="Array path returned null: address.city expected object to not be null" type="java.lang.AssertionError">
      <![CDATA[java.lang.AssertionError: Array path returned null: address.city expected object to not be null
at org.testng.Assert.fail(Assert.java:111)
at org.testng.Assert.assertNotNull(Assert.java:1484)
at stepdefinitions.RestApiStepDefinitions.validateArrayFieldContains(RestApiStepDefinitions.java:99)
at ✽.the array field "address.city" should contain "Gwenborough" and "Wisokyburgh"(file:///C:/DDrive/Study%20-Home%20Learning/JavaSelenium/TestNGCucumberParallelMultiBrowserExtentReport/src/test/resources/features/RESTAPISCENARIOS.feature:29)
]]>
    </failure>
  </testcase> <!-- runScenario -->
  <testcase classname="runners.TestNGCucumberRunner" name="runScenario" time="30.804"/>
  <testcase classname="runners.TestNGCucumberRunner" name="runScenario" time="22.767">
    <failure message="Field value mismatch for address.city expected [Gwenborough] but found [null]" type="java.lang.AssertionError">
      <![CDATA[java.lang.AssertionError: Field value mismatch for address.city expected [Gwenborough] but found [null]
at org.testng.Assert.fail(Assert.java:111)
at org.testng.Assert.failNotEquals(Assert.java:1578)
at org.testng.Assert.assertEqualsImpl(Assert.java:150)
at org.testng.Assert.assertEquals(Assert.java:132)
at org.testng.Assert.assertEquals(Assert.java:656)
at stepdefinitions.RestApiStepDefinitions.validateResponseField(RestApiStepDefinitions.java:73)
at ✽.the response field "address.city" should be "Gwenborough"(file:///C:/DDrive/Study%20-Home%20Learning/JavaSelenium/TestNGCucumberParallelMultiBrowserExtentReport/src/test/resources/features/RESTAPISCENARIOS.feature:9)
]]>
    </failure>
  </testcase> <!-- runScenario -->
  <testcase classname="runners.TestNGCucumberRunner" name="runScenario" time="28.268">
    <failure message="Field value mismatch for title expected [My Post] but found [Updated Post]" type="java.lang.AssertionError">
      <![CDATA[java.lang.AssertionError: Field value mismatch for title expected [My Post] but found [Updated Post]
at org.testng.Assert.fail(Assert.java:111)
at org.testng.Assert.failNotEquals(Assert.java:1578)
at org.testng.Assert.assertEqualsImpl(Assert.java:150)
at org.testng.Assert.assertEquals(Assert.java:132)
at org.testng.Assert.assertEquals(Assert.java:656)
at stepdefinitions.RestApiStepDefinitions.validateResponseField(RestApiStepDefinitions.java:73)
at ✽.the response field "title" should be "My Post"(file:///C:/DDrive/Study%20-Home%20Learning/JavaSelenium/TestNGCucumberParallelMultiBrowserExtentReport/src/test/resources/features/RESTAPISCENARIOS.feature:15)
]]>
    </failure>
  </testcase> <!-- runScenario -->
  <testcase classname="runners.TestNGCucumberRunner" name="runScenario" time="22.700"/>
</testsuite> <!-- runners.TestNGCucumberRunner -->
