<?xml version="1.0" encoding="UTF-8"?>
<!-- Generated by org.testng.reporters.JUnitXMLReporter -->
<testsuite ignored="0" hostname="DESKTOP-NUFAQTR" failures="5" tests="6" name="Edge" time="32.935" errors="0" timestamp="2025-07-13T18:10:25 IST">
  <testcase classname="io.cucumber.testng.AbstractTestNGCucumberTests" name="runScenario" time="18.529">
    <failure type="java.lang.AssertionError" message="Array path returned null: address.city expected object to not be null">
      <![CDATA[java.lang.AssertionError: Array path returned null: address.city expected object to not be null
at stepdefinitions.RestApiStepDefinitions.validateArrayFieldContains(RestApiStepDefinitions.java:99)
at ✽.the array field "address.city" should contain "Gwenborough" and "Wisokyburgh"(file:///C:/DDrive/Study%20-Home%20Learning/JavaSelenium/TestNGCucumberParallelMultiBrowserExtentReport/src/test/resources/features/RESTAPISCENARIOS.feature:29)
... Removed 2 stack frames]]>
    </failure>
  </testcase> <!-- runScenario -->
  <testcase classname="io.cucumber.testng.AbstractTestNGCucumberTests" name="runScenario" time="22.767">
    <failure type="java.lang.AssertionError" message="Field value mismatch for address.city expected [Gwenborough] but found [null]">
      <![CDATA[java.lang.AssertionError: Field value mismatch for address.city expected [Gwenborough] but found [null]
at stepdefinitions.RestApiStepDefinitions.validateResponseField(RestApiStepDefinitions.java:73)
at ✽.the response field "address.city" should be "Gwenborough"(file:///C:/DDrive/Study%20-Home%20Learning/JavaSelenium/TestNGCucumberParallelMultiBrowserExtentReport/src/test/resources/features/RESTAPISCENARIOS.feature:9)
... Removed 5 stack frames]]>
    </failure>
  </testcase> <!-- runScenario -->
  <testcase classname="io.cucumber.testng.AbstractTestNGCucumberTests" name="runScenario" time="23.136">
    <failure type="java.lang.AssertionError" message="Status code mismatch! expected [200] but found [201]">
      <![CDATA[java.lang.AssertionError: Status code mismatch! expected [200] but found [201]
at stepdefinitions.RestApiStepDefinitions.validateStatusCode(RestApiStepDefinitions.java:67)
at ✽.the response status code should be 200(file:///C:/DDrive/Study%20-Home%20Learning/JavaSelenium/TestNGCucumberParallelMultiBrowserExtentReport/src/test/resources/features/RESTAPISCENARIOS.feature:25)
... Removed 6 stack frames]]>
    </failure>
  </testcase> <!-- runScenario -->
  <testcase classname="io.cucumber.testng.AbstractTestNGCucumberTests" name="runScenario" time="23.155">
    <failure type="java.lang.AssertionError" message="Status code mismatch! expected [200] but found [201]">
      <![CDATA[java.lang.AssertionError: Status code mismatch! expected [200] but found [201]
at stepdefinitions.RestApiStepDefinitions.validateStatusCode(RestApiStepDefinitions.java:67)
at ✽.the response status code should be 200(file:///C:/DDrive/Study%20-Home%20Learning/JavaSelenium/TestNGCucumberParallelMultiBrowserExtentReport/src/test/resources/features/RESTAPISCENARIOS.feature:20)
... Removed 6 stack frames]]>
    </failure>
  </testcase> <!-- runScenario -->
  <testcase classname="io.cucumber.testng.AbstractTestNGCucumberTests" name="runScenario" time="23.16">
    <failure type="java.lang.AssertionError" message="Field value mismatch for title expected [My Post] but found [Updated Post]">
      <![CDATA[java.lang.AssertionError: Field value mismatch for title expected [My Post] but found [Updated Post]
at stepdefinitions.RestApiStepDefinitions.validateResponseField(RestApiStepDefinitions.java:73)
at ✽.the response field "title" should be "My Post"(file:///C:/DDrive/Study%20-Home%20Learning/JavaSelenium/TestNGCucumberParallelMultiBrowserExtentReport/src/test/resources/features/RESTAPISCENARIOS.feature:15)
... Removed 5 stack frames]]>
    </failure>
  </testcase> <!-- runScenario -->
  <testcase classname="io.cucumber.testng.AbstractTestNGCucumberTests" name="runScenario" time="29.125"/>
</testsuite> <!-- Edge -->
