{"uid":"1871375052cc3cfa","name":"Open login page","fullName":"src/test/resources/features/login2.feature:27","historyId":"53c9ef6aa8394767a66af8cf62b529ed","time":{"start":1752073373045,"stop":1752073373794,"duration":749},"status":"skipped","statusMessage":"Browser parameter is null. Please check testng.xml.","statusTrace":"java.lang.IllegalStateException: Browser parameter is null. Please check testng.xml.\r\n\tat hooks.TestHooks.setUp(TestHooks.java:27)\r\n","flaky":false,"newFailed":false,"newBroken":false,"newPassed":false,"retriesCount":0,"retriesStatusChange":false,"beforeStages":[{"name":"hooks.TestHooks.setUp(io.cucumber.java.Scenario)","time":{"start":1752073373052,"stop":1752073373086,"duration":34},"status":"broken","statusMessage":"BEFORE is failed: Browser parameter is null. Please check testng.xml.","statusTrace":"java.lang.IllegalStateException: Browser parameter is null. Please check testng.xml.\r\n\tat hooks.TestHooks.setUp(TestHooks.java:27)\r\n","steps":[],"attachments":[],"parameters":[],"hasContent":true,"attachmentsCount":0,"shouldDisplayMessage":true,"attachmentStep":false,"stepsCount":0}],"testStage":{"status":"skipped","statusMessage":"Browser parameter is null. Please check testng.xml.","statusTrace":"java.lang.IllegalStateException: Browser parameter is null. Please check testng.xml.\r\n\tat hooks.TestHooks.setUp(TestHooks.java:27)\r\n","steps":[{"name":"Given  user navigates to login page","time":{"start":1752073373094,"stop":1752073373106,"duration":12},"status":"skipped","steps":[],"attachments":[],"parameters":[],"hasContent":false,"attachmentsCount":0,"shouldDisplayMessage":false,"attachmentStep":false,"stepsCount":0}],"attachments":[],"parameters":[],"hasContent":true,"attachmentsCount":0,"shouldDisplayMessage":true,"attachmentStep":false,"stepsCount":1},"afterStages":[{"name":"hooks.TestHooks.tearDown(io.cucumber.java.Scenario)","time":{"start":1752073373107,"stop":1752073373122,"duration":15},"status":"broken","statusMessage":"AFTER is failed: WebDriver instance is null for current thread!","statusTrace":"java.lang.IllegalStateException: WebDriver instance is null for current thread!\r\n\tat utils.DriverFactory.getDriver(DriverFactory.java:41)\r\n\tat utils.ScreenshotUtil.takeScreenshot(ScreenshotUtil.java:18)\r\n\tat hooks.TestHooks.tearDown(TestHooks.java:44)\r\n","steps":[],"attachments":[],"parameters":[],"hasContent":true,"attachmentsCount":0,"shouldDisplayMessage":true,"attachmentStep":false,"stepsCount":0},{"name":"hooks.ExtentReportHooks.afterScenario(io.cucumber.java.Scenario)","time":{"start":1752073373124,"stop":1752073373593,"duration":469},"status":"passed","steps":[],"attachments":[],"parameters":[],"hasContent":false,"attachmentsCount":0,"shouldDisplayMessage":false,"attachmentStep":false,"stepsCount":0}],"labels":[{"name":"host","value":"Family"},{"name":"thread","value":"25808@Family.TestNG-PoolService-4(32)"},{"name":"feature","value":"Login Functionality"},{"name":"story","value":"Open login page"},{"name":"suite","value":"Login Functionality"},{"name":"testClass","value":"Open login page"},{"name":"framework","value":"cucumber4jvm"},{"name":"language","value":"java"},{"name":"gherkin_uri","value":"file:///E:/Study%20-Home%20Learning/JavaSelenium/TestNGCucumberParallelMultiBrowserExtentReport/src/test/resources/features/login2.feature"},{"name":"package","value":"src.test.resources.features.login2_feature.Login Functionality"},{"name":"resultFormat","value":"allure2"}],"parameters":[],"links":[],"hidden":true,"retry":true,"extra":{"categories":[],"tags":[]},"source":"1871375052cc3cfa.json","parameterValues":[]}