{"uid":"863ab995a761f734","name":"Open login page","fullName":"src/test/resources/features/login.feature:21","historyId":"513a24e804333062d512eb42ac4405eb","time":{"start":1752073373063,"stop":1752073373828,"duration":765},"status":"skipped","statusMessage":"Browser parameter is null. Please check testng.xml.","statusTrace":"java.lang.IllegalStateException: Browser parameter is null. Please check testng.xml.\r\n\tat hooks.TestHooks.setUp(TestHooks.java:27)\r\n","flaky":false,"newFailed":false,"newBroken":false,"newPassed":false,"retriesCount":0,"retriesStatusChange":false,"beforeStages":[{"name":"hooks.TestHooks.setUp(io.cucumber.java.Scenario)","time":{"start":1752073373064,"stop":1752073373089,"duration":25},"status":"broken","statusMessage":"BEFORE is failed: Browser parameter is null. Please check testng.xml.","statusTrace":"java.lang.IllegalStateException: Browser parameter is null. Please check testng.xml.\r\n\tat hooks.TestHooks.setUp(TestHooks.java:27)\r\n","steps":[],"attachments":[],"parameters":[],"hasContent":true,"attachmentsCount":0,"shouldDisplayMessage":true,"attachmentStep":false,"stepsCount":0}],"testStage":{"status":"skipped","statusMessage":"Browser parameter is null. Please check testng.xml.","statusTrace":"java.lang.IllegalStateException: Browser parameter is null. Please check testng.xml.\r\n\tat hooks.TestHooks.setUp(TestHooks.java:27)\r\n","steps":[{"name":"Given  user navigates to login page","time":{"start":1752073373105,"stop":1752073373117,"duration":12},"status":"skipped","steps":[],"attachments":[],"parameters":[],"hasContent":false,"attachmentsCount":0,"shouldDisplayMessage":false,"attachmentStep":false,"stepsCount":0}],"attachments":[],"parameters":[],"hasContent":true,"attachmentsCount":0,"shouldDisplayMessage":true,"attachmentStep":false,"stepsCount":1},"afterStages":[{"name":"hooks.TestHooks.tearDown(io.cucumber.java.Scenario)","time":{"start":1752073373118,"stop":1752073373126,"duration":8},"status":"broken","statusMessage":"AFTER is failed: WebDriver instance is null for current thread!","statusTrace":"java.lang.IllegalStateException: WebDriver instance is null for current thread!\r\n\tat utils.DriverFactory.getDriver(DriverFactory.java:41)\r\n\tat utils.ScreenshotUtil.takeScreenshot(ScreenshotUtil.java:18)\r\n\tat hooks.TestHooks.tearDown(TestHooks.java:44)\r\n","steps":[],"attachments":[],"parameters":[],"hasContent":true,"attachmentsCount":0,"shouldDisplayMessage":true,"attachmentStep":false,"stepsCount":0},{"name":"hooks.ExtentReportHooks.afterScenario(io.cucumber.java.Scenario)","time":{"start":1752073373129,"stop":1752073373594,"duration":465},"status":"passed","steps":[],"attachments":[],"parameters":[],"hasContent":false,"attachmentsCount":0,"shouldDisplayMessage":false,"attachmentStep":false,"stepsCount":0}],"labels":[{"name":"host","value":"Family"},{"name":"thread","value":"25808@Family.TestNG-PoolService-1(29)"},{"name":"feature","value":"Login Functionality"},{"name":"story","value":"Open login page"},{"name":"suite","value":"Login Functionality"},{"name":"testClass","value":"Open login page"},{"name":"framework","value":"cucumber4jvm"},{"name":"language","value":"java"},{"name":"gherkin_uri","value":"file:///E:/Study%20-Home%20Learning/JavaSelenium/TestNGCucumberParallelMultiBrowserExtentReport/src/test/resources/features/login.feature"},{"name":"package","value":"src.test.resources.features.login_feature.Login Functionality"},{"name":"resultFormat","value":"allure2"}],"parameters":[],"links":[],"hidden":true,"retry":true,"extra":{"categories":[],"tags":[]},"source":"863ab995a761f734.json","parameterValues":[]}